Arguments: 
  C:\Program Files\nodejs\node.exe C:\Users\iSmo0\AppData\Roaming\npm\node_modules\yarn\bin\yarn.js install

PATH: 
  C:\Program Files\Common Files\Oracle\Java\javapath;C:\Windows\system32;C:\Windows;C:\Windows\System32\Wbem;C:\Windows\System32\WindowsPowerShell\v1.0\;C:\Windows\System32\OpenSSH\;C:\Program Files\MySQL\MySQL Server 8.0\bin;C:\Program Files\dotnet\;C:\Program Files\Git\cmd;C:\Program Files\nodejs\;C:\Program Files\MySQL\MySQL Shell 8.0\bin\;C:\Program Files\MariaDB 11.0\bin;C:\Users\iSmo0\AppData\Local\Microsoft\WindowsApps;C:\Users\iSmo0\AppData\Local\Programs\Microsoft VS Code\bin;C:\Users\iSmo0\AppData\Roaming\npm;

Yarn version: 
  1.22.19

Node version: 
  18.16.0

Platform: 
  win32 x64

Trace: 
  Error: read ECONNRESET
      at TLSWrap.onStreamRead (node:internal/stream_base_commons:217:20)

npm manifest: 
  {
    "name": "api",
    "version": "1.0.0",
    "description": "",
    "main": "index.js",
    "scripts": {
      "dev": "ts-node-dev index.ts"
    },
    "keywords": [],
    "author": "",
    "license": "ISC",
    "dependencies": {
      "cors": "^2.8.5",
      "express": "^4.18.2",
      "ts-node": "^10.9.1",
      "ts-node-dev": "^2.0.0"
    },
    "devDependencies": {
      "@types/cors": "^2.8.15",
      "@types/express": "^4.17.18"
    }
  }

yarn manifest: 
  No manifest

Lockfile: 
  No lockfile
